#
# A fatal error has been detected by the Java Runtime Environment:
#
#  EXCEPTION_ACCESS_VIOLATION (0xc0000005) at pc=0x00007ff9455663b7, pid=10856, tid=1584
#
# JRE version: Java(TM) SE Runtime Environment (19.0.1+10) (build 19.0.1+10-21)
# Java VM: Java HotSpot(TM) 64-Bit Server VM (19.0.1+10-21, mixed mode, sharing, tiered, compressed oops, compressed class ptrs, g1 gc, windows-amd64)
# Problematic frame:
# C  [glass.dll+0x263b7]
#
# No core dump will be written. Minidumps are not enabled by default on client versions of Windows
#
# If you would like to submit a bug report, please visit:
#   https://bugreport.java.com/bugreport/crash.jsp
#

---------------  S U M M A R Y ------------

Command Line: -agentlib:jdwp=transport=dt_socket,address=127.0.0.1:52590,suspend=y,server=n -javaagent:C:\Users\ASUS\AppData\Local\JetBrains\IdeaIC2022.3\captureAgent\debugger-agent.jar -Dfile.encoding=UTF-8 -Dsun.stdout.encoding=UTF-8 -Dsun.stderr.encoding=UTF-8 --module-path=C:\Users\ASUS\.m2\repository\org\openjfx\javafx-fxml\19\javafx-fxml-19-win.jar;C:\cw2_4\cw2_4_5\target\classes;C:\Users\ASUS\.m2\repository\org\openjfx\javafx-controls\19\javafx-controls-19-win.jar;C:\Users\ASUS\.m2\repository\org\openjfx\javafx-graphics\19\javafx-graphics-19-win.jar;C:\Users\ASUS\.m2\repository\org\openjfx\javafx-base\19\javafx-base-19-win.jar -Djdk.module.main=com.example.cw2_4_5 com.example.cw2_4_5/com.example.cw2_4_5.mainApplication

Host: 11th Gen Intel(R) Core(TM) i5-1135G7 @ 2.40GHz, 8 cores, 7G,  Windows 11 , 64 bit Build 22621 (10.0.22621.1344)
Time: Sun Mar 19 21:39:23 2023 Sri Lanka Standard Time elapsed time: 56.121195 seconds (0d 0h 0m 56s)

---------------  T H R E A D  ---------------

Current thread (0x00000223db7e0c00):  VMThread "VM Thread" [stack: 0x0000007199100000,0x0000007199200000] [id=1584]

Stack: [0x0000007199100000,0x0000007199200000],  sp=0x00000071991fed50,  free space=1019k
Native frames: (J=compiled Java code, j=interpreted, Vv=VM code, C=native code)
C  [glass.dll+0x263b7]


siginfo: EXCEPTION_ACCESS_VIOLATION (0xc0000005), reading address 0x0000000000000000


Registers:
RAX=0x0000000000000000, RBX=0x00000223e07fc688, RCX=0x00000223db7e0c00, RDX=0x00000071991fed50
RSP=0x00000071991fed50, RBP=0x00000223db7efe18, RSI=0x00000071991fee58, RDI=0x00000223db7efdf0
R8 =0x0000000000010002, R9 =0x00000223db7efdf0, R10=0x85f13e9656da4870, R11=0x00000071991fece0
R12=0x00007ff945563cf0, R13=0x00007ff93ec072a0, R14=0x0000c96706248c89, R15=0x00000223db7efdf0
RIP=0x00007ff9455663b7, EFLAGS=0x0000000000010206


Register to memory mapping:

RIP=0x00007ff9455663b7 glass.dll
RAX=0x0 is NULL
RBX=0x00000223e07fc688 is a global jni handle
RCX=0x00000223db7e0c00 points into unknown readable memory: 0x00007ff93ea145e8 | e8 45 a1 3e f9 7f 00 00
RDX=0x00000071991fed50 points into unknown readable memory: 0x0000000000000000 | 00 00 00 00 00 00 00 00
RSP=0x00000071991fed50 points into unknown readable memory: 0x0000000000000000 | 00 00 00 00 00 00 00 00
RBP=0x00000223db7efe18 points into unknown readable memory: 0x0000c96706248c89 | 89 8c 24 06 67 c9 00 00
RSI=0x00000071991fee58 points into unknown readable memory: 0x00000071991fee40 | 40 ee 1f 99 71 00 00 00
RDI=0x00000223db7efdf0 points into unknown readable memory: 0x00ff3bedaa549c89 | 89 9c 54 aa ed 3b ff 00
R8 =0x0000000000010002 is an unknown value
R9 =0x00000223db7efdf0 points into unknown readable memory: 0x00ff3bedaa549c89 | 89 9c 54 aa ed 3b ff 00
R10=0x85f13e9656da4870 is an unknown value
R11=0x00000071991fece0 points into unknown readable memory: 0x00000223db7efdf0 | f0 fd 7e db 23 02 00 00
R12=0x00007ff945563cf0 glass.dll
R13=0x00007ff93ec072a0 jvm.dll
R14=0x0000c96706248c89 is an unknown value
R15=0x00000223db7efdf0 points into unknown readable memory: 0x00ff3bedaa549c89 | 89 9c 54 aa ed 3b ff 00


Top of Stack: (sp=0x00000071991fed50)
0x00000071991fed50:   0000000000000000 00000071991fee58
0x00000071991fed60:   00007ff93ec072a0 00007ff945563cf0
0x00000071991fed70:   00000223db7efdf8 00007ff9874b3a83
0x00000071991fed80:   00000223db7efdf0 0000022300000000
0x00000071991fed90:   00000223db7efe18 00000071991fee58
0x00000071991feda0:   fffffffffffffffe 0000000000000000
0x00000071991fedb0:   0000000000000001 00007ff945540000
0x00000071991fedc0:   00000071991fee48 00007ff98748006e
0x00000071991fedd0:   0000000000000000 00000071991fee58
0x00000071991fede0:   00000071991ff140 0000000000000001
0x00000071991fedf0:   0000000000000001 00007ff98747da1d
0x00000071991fee00:   0000000000000000 00007ff9455634e9
0x00000071991fee10:   0000000000000000 00000071991fee48
0x00000071991fee20:   fffffffffffffffe 00000071991ff100
0x00000071991fee30:   0000000000000000 00007ff945563b7d
0x00000071991fee40:   00007ff945579f88 00007ff900000002 

Instructions: (pc=0x00007ff9455663b7)
0x00007ff9455662b7:   8b 4d 58 e8 7d cf ff ff 48 8b 4d 60 e8 74 cf ff
0x00007ff9455662c7:   ff 48 8b 95 80 00 00 00 48 8b 8d 18 01 00 00 e8
0x00007ff9455662d7:   66 c4 ff ff 33 d2 33 c9 e8 bc e1 ff ff 90 48 89
0x00007ff9455662e7:   54 24 10 55 48 83 ec 20 48 8b ea 48 b8 00 00 00
0x00007ff9455662f7:   00 00 00 00 00 48 83 c4 20 5d c3 cc 40 55 48 8b
0x00007ff945566307:   ea 48 8b 01 33 c9 81 38 05 00 00 c0 0f 94 c1 8b
0x00007ff945566317:   c1 5d c3 cc 40 55 48 83 ec 20 48 8b ea 8a 4d 40
0x00007ff945566327:   48 83 c4 20 5d e9 63 d3 ff ff cc 40 55 48 83 ec
0x00007ff945566337:   20 48 8b ea 8a 4d 20 e8 51 d3 ff ff 90 48 83 c4
0x00007ff945566347:   20 5d c3 cc 40 55 48 83 ec 20 48 8b ea 48 83 c4
0x00007ff945566357:   20 5d e9 b2 d1 ff ff cc 40 55 48 83 ec 30 48 8b
0x00007ff945566367:   ea 48 8b 01 8b 10 48 89 4c 24 28 89 54 24 20 4c
0x00007ff945566377:   8d 0d 53 d6 ff ff 4c 8b 45 70 8b 55 68 48 8b 4d
0x00007ff945566387:   60 e8 f3 d0 ff ff 90 48 83 c4 30 5d c3 cc cc cc
0x00007ff945566397:   cc cc cc cc cc cc cc cc cc 40 53 48 83 ec 20 48
0x00007ff9455663a7:   8b 1d db 35 01 00 48 85 db 74 16 e8 79 8b ff ff
0x00007ff9455663b7:   4c 8b 00 48 8b d3 48 8b c8 41 ff 90 b0 00 00 00
0x00007ff9455663c7:   90 48 83 c4 20 5b c3 cc cc 40 53 48 83 ec 20 48
0x00007ff9455663d7:   8b 1d 4b 37 01 00 48 85 db 74 57 b8 ff ff ff ff
0x00007ff9455663e7:   f0 0f c1 43 10 83 f8 01 75 3d 48 85 db 74 38 48
0x00007ff9455663f7:   8b 0b 48 85 c9 74 0d ff 15 a4 0e 00 00 48 c7 03
0x00007ff945566407:   00 00 00 00 48 8b 4b 08 48 85 c9 74 0d e8 23 ce
0x00007ff945566417:   ff ff 48 c7 43 08 00 00 00 00 ba 18 00 00 00 48
0x00007ff945566427:   8b cb e8 0e ce ff ff 48 c7 05 ef 36 01 00 00 00
0x00007ff945566437:   00 00 48 83 c4 20 5b c3 cc 40 53 48 83 ec 20 48
0x00007ff945566447:   8b 1d bb 36 01 00 48 85 db 74 57 b8 ff ff ff ff
0x00007ff945566457:   f0 0f c1 43 10 83 f8 01 75 3d 48 85 db 74 38 48
0x00007ff945566467:   8b 0b 48 85 c9 74 0d ff 15 34 0e 00 00 48 c7 03
0x00007ff945566477:   00 00 00 00 48 8b 4b 08 48 85 c9 74 0d e8 b3 cd
0x00007ff945566487:   ff ff 48 c7 43 08 00 00 00 00 ba 18 00 00 00 48
0x00007ff945566497:   8b cb e8 9e cd ff ff 48 c7 05 5f 36 01 00 00 00
0x00007ff9455664a7:   00 00 48 83 c4 20 5b c3 cc 40 53 48 83 ec 20 48 


Stack slot to memory mapping:
stack at sp + 0 slots: 0x0 is NULL
stack at sp + 1 slots: 0x00000071991fee58 points into unknown readable memory: 0x00000071991fee40 | 40 ee 1f 99 71 00 00 00
stack at sp + 2 slots: 0x00007ff93ec072a0 jvm.dll
stack at sp + 3 slots: 0x00007ff945563cf0 glass.dll
stack at sp + 4 slots: 0x00000223db7efdf8 points into unknown readable memory: 0x0000c96706248c89 | 89 8c 24 06 67 c9 00 00
stack at sp + 5 slots: 0x00007ff9874b3a83 ucrtbase.dll
stack at sp + 6 slots: 0x00000223db7efdf0 points into unknown readable memory: 0x00ff3bedaa549c89 | 89 9c 54 aa ed 3b ff 00
stack at sp + 7 slots: 0x0000022300000000 is an unknown value

VM_Operation (0x0000007199cff350): Exit, mode: safepoint, requested by thread 0x00000223e7897fa0


---------------  P R O C E S S  ---------------

Threads class SMR info:
_java_thread_list=0x00000223eaaa3c00, length=20, elements={
0x00000223bd611ff0, 0x00000223db7fc580, 0x00000223db7fceb0, 0x00000223db8023b0,
0x00000223db802ce0, 0x00000223db803610, 0x00000223db80c280, 0x00000223db81a6a0,
0x00000223db81cc30, 0x00000223e00e5280, 0x00000223e09787f0, 0x00000223e072afc0,
0x00000223e0cc1840, 0x00000223e0d0e740, 0x00000223e0d6f840, 0x00000223e10d2830,
0x00000223e10304b0, 0x00000223e11e0320, 0x00000223e11e1310, 0x00000223e7897fa0
}

Java Threads: ( => current thread )
  0x00000223bd611ff0 JavaThread "main" [_thread_blocked, id=13516, stack(0x0000007198b00000,0x0000007198c00000)]
  0x00000223db7fc580 JavaThread "Reference Handler" daemon [_thread_blocked, id=16928, stack(0x0000007199200000,0x0000007199300000)]
  0x00000223db7fceb0 JavaThread "Finalizer" daemon [_thread_blocked, id=9028, stack(0x0000007199300000,0x0000007199400000)]
  0x00000223db8023b0 JavaThread "Attach Listener" daemon [_thread_blocked, id=14496, stack(0x0000007199500000,0x0000007199600000)]
  0x00000223db802ce0 JavaThread "Service Thread" daemon [_thread_blocked, id=19300, stack(0x0000007199600000,0x0000007199700000)]
  0x00000223db803610 JavaThread "Monitor Deflation Thread" daemon [_thread_blocked, id=9112, stack(0x0000007199700000,0x0000007199800000)]
  0x00000223db80c280 JavaThread "C2 CompilerThread0" daemon [_thread_blocked, id=15408, stack(0x0000007199800000,0x0000007199900000)]
  0x00000223db81a6a0 JavaThread "C1 CompilerThread0" daemon [_thread_blocked, id=20240, stack(0x0000007199900000,0x0000007199a00000)]
  0x00000223db81cc30 JavaThread "Sweeper thread" daemon [_thread_blocked, id=18472, stack(0x0000007199a00000,0x0000007199b00000)]
  0x00000223e00e5280 JavaThread "Common-Cleaner" daemon [_thread_blocked, id=18692, stack(0x0000007199b00000,0x0000007199c00000)]
  0x00000223e09787f0 JavaThread "JDWP Event Helper Thread" daemon [_thread_blocked, id=13088, stack(0x0000007199f00000,0x000000719a000000)]
  0x00000223e072afc0 JavaThread "Notification Thread" daemon [_thread_blocked, id=13008, stack(0x000000719a100000,0x000000719a200000)]
  0x00000223e0cc1840 JavaThread "QuantumRenderer-0" daemon [_thread_blocked, id=19032, stack(0x000000719a300000,0x000000719a400000)]
  0x00000223e0d0e740 JavaThread "InvokeLaterDispatcher" daemon [_thread_blocked, id=18836, stack(0x000000719a400000,0x000000719a500000)]
  0x00000223e0d6f840 JavaThread "JavaFX Application Thread" [_thread_blocked, id=14424, stack(0x000000719a500000,0x000000719a600000)]
  0x00000223e10d2830 JavaThread "Thread-1" daemon [_thread_in_native, id=18440, stack(0x000000719a900000,0x000000719aa00000)]
  0x00000223e10304b0 JavaThread "JavaFX-Launcher" [_thread_blocked, id=11400, stack(0x000000719aa00000,0x000000719ab00000)]
  0x00000223e11e0320 JavaThread "Prism Font Disposer" daemon [_thread_blocked, id=16024, stack(0x000000719b500000,0x000000719b600000)]
  0x00000223e11e1310 JavaThread "Cleaner-0" daemon [_thread_blocked, id=20096, stack(0x000000719b600000,0x000000719b700000)]
  0x00000223e7897fa0 JavaThread "SIGINT handler" daemon [_thread_blocked, id=12732, stack(0x0000007199c00000,0x0000007199d00000)]

Other Threads:
=>0x00000223db7e0c00 VMThread "VM Thread" [stack: 0x0000007199100000,0x0000007199200000] [id=1584]
  0x00000223bd671080 WorkerThread "GC Thread#0" [stack: 0x0000007198c00000,0x0000007198d00000] [id=16616]
  0x00000223e0cdad30 WorkerThread "GC Thread#1" [stack: 0x000000719ab00000,0x000000719ac00000] [id=17672]
  0x00000223e0cdbe10 WorkerThread "GC Thread#2" [stack: 0x000000719ac00000,0x000000719ad00000] [id=20196]
  0x00000223e0cdc680 WorkerThread "GC Thread#3" [stack: 0x000000719ad00000,0x000000719ae00000] [id=10320]
  0x00000223e0cdb2d0 WorkerThread "GC Thread#4" [stack: 0x000000719ae00000,0x000000719af00000] [id=12124]
  0x00000223e0cdc950 WorkerThread "GC Thread#5" [stack: 0x000000719af00000,0x000000719b000000] [id=20740]
  0x00000223e0cdb870 WorkerThread "GC Thread#6" [stack: 0x000000719b000000,0x000000719b100000] [id=16084]
  0x00000223e110a960 WorkerThread "GC Thread#7" [stack: 0x000000719b100000,0x000000719b200000] [id=21136]
  0x00000223bd682540 ConcurrentGCThread "G1 Main Marker" terminated
  0x00000223bd685090 WorkerThread "G1 Conc#0" [stack: 0x0000007198e00000,0x0000007198f00000] [id=18508]
  0x00000223db69bd90 ConcurrentGCThread "G1 Refine#0" terminated
  0x00000223ea778730 ConcurrentGCThread "G1 Refine#1" terminated
  0x00000223bd6ce8b0 ConcurrentGCThread "G1 Service" terminated

Threads with active compile tasks:
C1 CompilerThread0  
[error occurred during error reporting (printing all threads), id 0xc0000005, EXCEPTION_ACCESS_VIOLATION (0xc0000005) at pc=0x00007ff93e800753]

VM state: at safepoint (shutting down)

VM Mutex/Monitor currently owned by a thread:  ([mutex/lock_event])
[0x00000223bd60c9e0] Threads_lock - owner thread: 0x00000223db7e0c00
[0x00000223bd60c3b0] Heap_lock - owner thread: 0x00000223e7897fa0

Heap address: 0x0000000084e00000, size: 1970 MB, Compressed Oops mode: 32-bit

CDS archive(s) mapped at: [0x0000000800000000-0x0000000800c40000-0x0000000800c40000), size 12845056, SharedBaseAddress: 0x0000000800000000, ArchiveRelocationMode: 0.
Compressed class space mapped at: 0x0000000801000000-0x0000000841000000, reserved size: 1073741824
Narrow klass base: 0x0000000800000000, Narrow klass shift: 0, Narrow klass range: 0x100000000

GC Precious Log:
 CardTable entry size: 512
 Card Set container configuration: InlinePtr #cards 5 size 8 Array Of Cards #cards 12 size 40 Howl #buckets 4 coarsen threshold 1843 Howl Bitmap #cards 512 size 80 coarsen threshold 460 Card regions per heap region 1 cards per card region 2048
 CPUs: 8 total, 8 available
 Memory: 7873M
 Large Page Support: Disabled
 NUMA Support: Disabled
 Compressed Oops: Enabled (32-bit)
 Heap Region Size: 1M
 Heap Min Capacity: 8M
 Heap Initial Capacity: 124M
 Heap Max Capacity: 1970M
 Pre-touch: Disabled
 Parallel Workers: 8
 Concurrent Workers: 2
 Concurrent Refinement Workers: 8
 Periodic GC: Disabled

Heap:
 garbage-first heap   total 126976K, used 34105K [0x0000000084e00000, 0x0000000100000000)
  region size 1024K, 5 young (5120K), 2 survivors (2048K)
 Metaspace       used 20001K, committed 20416K, reserved 1114112K
  class space    used 2775K, committed 2944K, reserved 1048576K

Heap Regions: E=young(eden), S=young(survivor), O=old, HS=humongous(starts), HC=humongous(continues), CS=collection set, F=free, OA=open archive, CA=closed archive, TAMS=top-at-mark-start (previous, next)
|   0|0x0000000084e00000, 0x0000000084f00000, 0x0000000084f00000|100%| O|  |TAMS 0x0000000084e00000, 0x0000000084e00000| Untracked 
|   1|0x0000000084f00000, 0x0000000085000000, 0x0000000085000000|100%| O|  |TAMS 0x0000000084f00000, 0x0000000084f00000| Untracked 
|   2|0x0000000085000000, 0x0000000085100000, 0x0000000085100000|100%|HS|  |TAMS 0x0000000085000000, 0x0000000085000000| Complete 
|   3|0x0000000085100000, 0x0000000085200000, 0x0000000085200000|100%|HS|  |TAMS 0x0000000085100000, 0x0000000085100000| Complete 
|   4|0x0000000085200000, 0x0000000085300000, 0x0000000085300000|100%|HC|  |TAMS 0x0000000085200000, 0x0000000085200000| Complete 
|   5|0x0000000085300000, 0x0000000085400000, 0x0000000085400000|100%| O|  |TAMS 0x0000000085300000, 0x0000000085300000| Untracked 
|   6|0x0000000085400000, 0x0000000085500000, 0x0000000085500000|100%| O|  |TAMS 0x0000000085400000, 0x0000000085400000| Untracked 
|   7|0x0000000085500000, 0x0000000085600000, 0x0000000085600000|100%| O|  |TAMS 0x0000000085500000, 0x0000000085500000| Untracked 
|   8|0x0000000085600000, 0x0000000085700000, 0x0000000085700000|100%| O|  |TAMS 0x0000000085600000, 0x0000000085600000| Untracked 
|   9|0x0000000085700000, 0x0000000085800000, 0x0000000085800000|100%| O|  |TAMS 0x0000000085700000, 0x0000000085700000| Untracked 
|  10|0x0000000085800000, 0x0000000085900000, 0x0000000085900000|100%| O|  |TAMS 0x0000000085800000, 0x0000000085800000| Untracked 
|  11|0x0000000085900000, 0x0000000085a00000, 0x0000000085a00000|100%| O|  |TAMS 0x0000000085900000, 0x0000000085900000| Untracked 
|  12|0x0000000085a00000, 0x0000000085b00000, 0x0000000085b00000|100%| O|  |TAMS 0x0000000085a00000, 0x0000000085a00000| Untracked 
|  13|0x0000000085b00000, 0x0000000085c00000, 0x0000000085c00000|100%| O|  |TAMS 0x0000000085b00000, 0x0000000085b00000| Untracked 
|  14|0x0000000085c00000, 0x0000000085d00000, 0x0000000085d00000|100%| O|  |TAMS 0x0000000085c00000, 0x0000000085c00000| Untracked 
|  15|0x0000000085d00000, 0x0000000085e00000, 0x0000000085e00000|100%| O|  |TAMS 0x0000000085d00000, 0x0000000085d00000| Untracked 
|  16|0x0000000085e00000, 0x0000000085f00000, 0x0000000085f00000|100%| O|  |TAMS 0x0000000085e00000, 0x0000000085e00000| Untracked 
|  17|0x0000000085f00000, 0x0000000086000000, 0x0000000086000000|100%| O|  |TAMS 0x0000000085f00000, 0x0000000085f00000| Untracked 
|  18|0x0000000086000000, 0x0000000086100000, 0x0000000086100000|100%| O|  |TAMS 0x0000000086000000, 0x0000000086000000| Untracked 
|  19|0x0000000086100000, 0x0000000086200000, 0x0000000086200000|100%| O|  |TAMS 0x0000000086100000, 0x0000000086100000| Untracked 
|  20|0x0000000086200000, 0x0000000086300000, 0x0000000086300000|100%| O|  |TAMS 0x0000000086200000, 0x0000000086200000| Untracked 
|  21|0x0000000086300000, 0x0000000086400000, 0x0000000086400000|100%| O|  |TAMS 0x0000000086300000, 0x0000000086300000| Untracked 
|  22|0x0000000086400000, 0x0000000086500000, 0x0000000086500000|100%| O|  |TAMS 0x0000000086400000, 0x0000000086400000| Untracked 
|  23|0x0000000086500000, 0x0000000086600000, 0x0000000086600000|100%| O|  |TAMS 0x0000000086500000, 0x0000000086500000| Untracked 
|  24|0x0000000086600000, 0x0000000086700000, 0x0000000086700000|100%| O|  |TAMS 0x0000000086600000, 0x0000000086600000| Untracked 
|  25|0x0000000086700000, 0x0000000086800000, 0x0000000086800000|100%| O|  |TAMS 0x0000000086700000, 0x0000000086700000| Untracked 
|  26|0x0000000086800000, 0x0000000086900000, 0x0000000086900000|100%| O|  |TAMS 0x0000000086800000, 0x0000000086800000| Untracked 
|  27|0x0000000086900000, 0x0000000086a00000, 0x0000000086a00000|100%| O|  |TAMS 0x0000000086900000, 0x0000000086900000| Untracked 
|  28|0x0000000086a00000, 0x0000000086b00000, 0x0000000086b00000|100%| O|  |TAMS 0x0000000086a00000, 0x0000000086a00000| Untracked 
|  29|0x0000000086b00000, 0x0000000086bb1000, 0x0000000086c00000| 69%| O|  |TAMS 0x0000000086b00000, 0x0000000086b00000| Untracked 
|  30|0x0000000086c00000, 0x0000000086c00000, 0x0000000086d00000|  0%| F|  |TAMS 0x0000000086c00000, 0x0000000086c00000| Untracked 
|  31|0x0000000086d00000, 0x0000000086d00000, 0x0000000086e00000|  0%| F|  |TAMS 0x0000000086d00000, 0x0000000086d00000| Untracked 
|  32|0x0000000086e00000, 0x0000000086e00000, 0x0000000086f00000|  0%| F|  |TAMS 0x0000000086e00000, 0x0000000086e00000| Untracked 
|  33|0x0000000086f00000, 0x0000000086f00000, 0x0000000087000000|  0%| F|  |TAMS 0x0000000086f00000, 0x0000000086f00000| Untracked 
|  34|0x0000000087000000, 0x0000000087000000, 0x0000000087100000|  0%| F|  |TAMS 0x0000000087000000, 0x0000000087000000| Untracked 
|  35|0x0000000087100000, 0x0000000087100000, 0x0000000087200000|  0%| F|  |TAMS 0x0000000087100000, 0x0000000087100000| Untracked 
|  36|0x0000000087200000, 0x0000000087200000, 0x0000000087300000|  0%| F|  |TAMS 0x0000000087200000, 0x0000000087200000| Untracked 
|  37|0x0000000087300000, 0x0000000087300000, 0x0000000087400000|  0%| F|  |TAMS 0x0000000087300000, 0x0000000087300000| Untracked 
|  38|0x0000000087400000, 0x0000000087400000, 0x0000000087500000|  0%| F|  |TAMS 0x0000000087400000, 0x0000000087400000| Untracked 
|  39|0x0000000087500000, 0x0000000087500000, 0x0000000087600000|  0%| F|  |TAMS 0x0000000087500000, 0x0000000087500000| Untracked 
|  40|0x0000000087600000, 0x0000000087600000, 0x0000000087700000|  0%| F|  |TAMS 0x0000000087600000, 0x0000000087600000| Untracked 
|  41|0x0000000087700000, 0x0000000087700000, 0x0000000087800000|  0%| F|  |TAMS 0x0000000087700000, 0x0000000087700000| Untracked 
|  42|0x0000000087800000, 0x0000000087800000, 0x0000000087900000|  0%| F|  |TAMS 0x0000000087800000, 0x0000000087800000| Untracked 
|  43|0x0000000087900000, 0x0000000087900000, 0x0000000087a00000|  0%| F|  |TAMS 0x0000000087900000, 0x0000000087900000| Untracked 
|  44|0x0000000087a00000, 0x0000000087a00000, 0x0000000087b00000|  0%| F|  |TAMS 0x0000000087a00000, 0x0000000087a00000| Untracked 
|  45|0x0000000087b00000, 0x0000000087b00000, 0x0000000087c00000|  0%| F|  |TAMS 0x0000000087b00000, 0x0000000087b00000| Untracked 
|  46|0x0000000087c00000, 0x0000000087c00000, 0x0000000087d00000|  0%| F|  |TAMS 0x0000000087c00000, 0x0000000087c00000| Untracked 
|  47|0x0000000087d00000, 0x0000000087d00000, 0x0000000087e00000|  0%| F|  |TAMS 0x0000000087d00000, 0x0000000087d00000| Untracked 
|  48|0x0000000087e00000, 0x0000000087e00000, 0x0000000087f00000|  0%| F|  |TAMS 0x0000000087e00000, 0x0000000087e00000| Untracked 
|  49|0x0000000087f00000, 0x0000000087f00000, 0x0000000088000000|  0%| F|  |TAMS 0x0000000087f00000, 0x0000000087f00000| Untracked 
|  50|0x0000000088000000, 0x0000000088000000, 0x0000000088100000|  0%| F|  |TAMS 0x0000000088000000, 0x0000000088000000| Untracked 
|  51|0x0000000088100000, 0x0000000088100000, 0x0000000088200000|  0%| F|  |TAMS 0x0000000088100000, 0x0000000088100000| Untracked 
|  52|0x0000000088200000, 0x0000000088200000, 0x0000000088300000|  0%| F|  |TAMS 0x0000000088200000, 0x0000000088200000| Untracked 
|  53|0x0000000088300000, 0x0000000088300000, 0x0000000088400000|  0%| F|  |TAMS 0x0000000088300000, 0x0000000088300000| Untracked 
|  54|0x0000000088400000, 0x0000000088400000, 0x0000000088500000|  0%| F|  |TAMS 0x0000000088400000, 0x0000000088400000| Untracked 
|  55|0x0000000088500000, 0x0000000088500000, 0x0000000088600000|  0%| F|  |TAMS 0x0000000088500000, 0x0000000088500000| Untracked 
|  56|0x0000000088600000, 0x0000000088600000, 0x0000000088700000|  0%| F|  |TAMS 0x0000000088600000, 0x0000000088600000| Untracked 
|  57|0x0000000088700000, 0x0000000088700000, 0x0000000088800000|  0%| F|  |TAMS 0x0000000088700000, 0x0000000088700000| Untracked 
|  58|0x0000000088800000, 0x0000000088800000, 0x0000000088900000|  0%| F|  |TAMS 0x0000000088800000, 0x0000000088800000| Untracked 
|  59|0x0000000088900000, 0x0000000088900000, 0x0000000088a00000|  0%| F|  |TAMS 0x0000000088900000, 0x0000000088900000| Untracked 
|  60|0x0000000088a00000, 0x0000000088a00000, 0x0000000088b00000|  0%| F|  |TAMS 0x0000000088a00000, 0x0000000088a00000| Untracked 
|  61|0x0000000088b00000, 0x0000000088b00000, 0x0000000088c00000|  0%| F|  |TAMS 0x0000000088b00000, 0x0000000088b00000| Untracked 
|  62|0x0000000088c00000, 0x0000000088c00000, 0x0000000088d00000|  0%| F|  |TAMS 0x0000000088c00000, 0x0000000088c00000| Untracked 
|  63|0x0000000088d00000, 0x0000000088d00000, 0x0000000088e00000|  0%| F|  |TAMS 0x0000000088d00000, 0x0000000088d00000| Untracked 
|  64|0x0000000088e00000, 0x0000000088e00000, 0x0000000088f00000|  0%| F|  |TAMS 0x0000000088e00000, 0x0000000088e00000| Untracked 
|  65|0x0000000088f00000, 0x0000000088f00000, 0x0000000089000000|  0%| F|  |TAMS 0x0000000088f00000, 0x0000000088f00000| Untracked 
|  66|0x0000000089000000, 0x0000000089000000, 0x0000000089100000|  0%| F|  |TAMS 0x0000000089000000, 0x0000000089000000| Untracked 
|  67|0x0000000089100000, 0x0000000089100000, 0x0000000089200000|  0%| F|  |TAMS 0x0000000089100000, 0x0000000089100000| Untracked 
|  68|0x0000000089200000, 0x0000000089200000, 0x0000000089300000|  0%| F|  |TAMS 0x0000000089200000, 0x0000000089200000| Untracked 
|  69|0x0000000089300000, 0x0000000089300000, 0x0000000089400000|  0%| F|  |TAMS 0x0000000089300000, 0x0000000089300000| Untracked 
|  70|0x0000000089400000, 0x0000000089400000, 0x0000000089500000|  0%| F|  |TAMS 0x0000000089400000, 0x0000000089400000| Untracked 
|  71|0x0000000089500000, 0x0000000089500000, 0x0000000089600000|  0%| F|  |TAMS 0x0000000089500000, 0x0000000089500000| Untracked 
|  72|0x0000000089600000, 0x0000000089600000, 0x0000000089700000|  0%| F|  |TAMS 0x0000000089600000, 0x0000000089600000| Untracked 
|  73|0x0000000089700000, 0x0000000089700000, 0x0000000089800000|  0%| F|  |TAMS 0x0000000089700000, 0x0000000089700000| Untracked 
|  74|0x0000000089800000, 0x0000000089800000, 0x0000000089900000|  0%| F|  |TAMS 0x0000000089800000, 0x0000000089800000| Untracked 
|  75|0x0000000089900000, 0x0000000089900000, 0x0000000089a00000|  0%| F|  |TAMS 0x0000000089900000, 0x0000000089900000| Untracked 
|  76|0x0000000089a00000, 0x0000000089a00000, 0x0000000089b00000|  0%| F|  |TAMS 0x0000000089a00000, 0x0000000089a00000| Untracked 
|  77|0x0000000089b00000, 0x0000000089b00000, 0x0000000089c00000|  0%| F|  |TAMS 0x0000000089b00000, 0x0000000089b00000| Untracked 
|  78|0x0000000089c00000, 0x0000000089c00000, 0x0000000089d00000|  0%| F|  |TAMS 0x0000000089c00000, 0x0000000089c00000| Untracked 
|  79|0x0000000089d00000, 0x0000000089d00000, 0x0000000089e00000|  0%| F|  |TAMS 0x0000000089d00000, 0x0000000089d00000| Untracked 
|  80|0x0000000089e00000, 0x0000000089e00000, 0x0000000089f00000|  0%| F|  |TAMS 0x0000000089e00000, 0x0000000089e00000| Untracked 
|  81|0x0000000089f00000, 0x0000000089f00000, 0x000000008a000000|  0%| F|  |TAMS 0x0000000089f00000, 0x0000000089f00000| Untracked 
|  82|0x000000008a000000, 0x000000008a000000, 0x000000008a100000|  0%| F|  |TAMS 0x000000008a000000, 0x000000008a000000| Untracked 
|  83|0x000000008a100000, 0x000000008a100000, 0x000000008a200000|  0%| F|  |TAMS 0x000000008a100000, 0x000000008a100000| Untracked 
|  84|0x000000008a200000, 0x000000008a200000, 0x000000008a300000|  0%| F|  |TAMS 0x000000008a200000, 0x000000008a200000| Untracked 
|  85|0x000000008a300000, 0x000000008a300000, 0x000000008a400000|  0%| F|  |TAMS 0x000000008a300000, 0x000000008a300000| Untracked 
|  86|0x000000008a400000, 0x000000008a400000, 0x000000008a500000|  0%| F|  |TAMS 0x000000008a400000, 0x000000008a400000| Untracked 
|  87|0x000000008a500000, 0x000000008a500000, 0x000000008a600000|  0%| F|  |TAMS 0x000000008a500000, 0x000000008a500000| Untracked 
|  88|0x000000008a600000, 0x000000008a600000, 0x000000008a700000|  0%| F|  |TAMS 0x000000008a600000, 0x000000008a600000| Untracked 
|  89|0x000000008a700000, 0x000000008a700000, 0x000000008a800000|  0%| F|  |TAMS 0x000000008a700000, 0x000000008a700000| Untracked 
|  90|0x000000008a800000, 0x000000008a800000, 0x000000008a900000|  0%| F|  |TAMS 0x000000008a800000, 0x000000008a800000| Untracked 
|  91|0x000000008a900000, 0x000000008a900000, 0x000000008aa00000|  0%| F|  |TAMS 0x000000008a900000, 0x000000008a900000| Untracked 
|  92|0x000000008aa00000, 0x000000008aa00000, 0x000000008ab00000|  0%| F|  |TAMS 0x000000008aa00000, 0x000000008aa00000| Untracked 
|  93|0x000000008ab00000, 0x000000008ab00000, 0x000000008ac00000|  0%| F|  |TAMS 0x000000008ab00000, 0x000000008ab00000| Untracked 
|  94|0x000000008ac00000, 0x000000008ac00000, 0x000000008ad00000|  0%| F|  |TAMS 0x000000008ac00000, 0x000000008ac00000| Untracked 
|  95|0x000000008ad00000, 0x000000008ad00000, 0x000000008ae00000|  0%| F|  |TAMS 0x000000008ad00000, 0x000000008ad00000| Untracked 
|  96|0x000000008ae00000, 0x000000008ae00000, 0x000000008af00000|  0%| F|  |TAMS 0x000000008ae00000, 0x000000008ae00000| Untracked 
|  97|0x000000008af00000, 0x000000008af00000, 0x000000008b000000|  0%| F|  |TAMS 0x000000008af00000, 0x000000008af00000| Untracked 
|  98|0x000000008b000000, 0x000000008b000000, 0x000000008b100000|  0%| F|  |TAMS 0x000000008b000000, 0x000000008b000000| Untracked 
|  99|0x000000008b100000, 0x000000008b100000, 0x000000008b200000|  0%| F|  |TAMS 0x000000008b100000, 0x000000008b100000| Untracked 
| 100|0x000000008b200000, 0x000000008b200000, 0x000000008b300000|  0%| F|  |TAMS 0x000000008b200000, 0x000000008b200000| Untracked 
| 101|0x000000008b300000, 0x000000008b300000, 0x000000008b400000|  0%| F|  |TAMS 0x000000008b300000, 0x000000008b300000| Untracked 
| 102|0x000000008b400000, 0x000000008b400000, 0x000000008b500000|  0%| F|  |TAMS 0x000000008b400000, 0x000000008b400000| Untracked 
| 103|0x000000008b500000, 0x000000008b500000, 0x000000008b600000|  0%| F|  |TAMS 0x000000008b500000, 0x000000008b500000| Untracked 
| 104|0x000000008b600000, 0x000000008b600000, 0x000000008b700000|  0%| F|  |TAMS 0x000000008b600000, 0x000000008b600000| Untracked 
| 105|0x000000008b700000, 0x000000008b700000, 0x000000008b800000|  0%| F|  |TAMS 0x000000008b700000, 0x000000008b700000| Untracked 
| 106|0x000000008b800000, 0x000000008b800000, 0x000000008b900000|  0%| F|  |TAMS 0x000000008b800000, 0x000000008b800000| Untracked 
| 107|0x000000008b900000, 0x000000008b900000, 0x000000008ba00000|  0%| F|  |TAMS 0x000000008b900000, 0x000000008b900000| Untracked 
| 108|0x000000008ba00000, 0x000000008ba00000, 0x000000008bb00000|  0%| F|  |TAMS 0x000000008ba00000, 0x000000008ba00000| Untracked 
| 109|0x000000008bb00000, 0x000000008bb00000, 0x000000008bc00000|  0%| F|  |TAMS 0x000000008bb00000, 0x000000008bb00000| Untracked 
| 110|0x000000008bc00000, 0x000000008bc00000, 0x000000008bd00000|  0%| F|  |TAMS 0x000000008bc00000, 0x000000008bc00000| Untracked 
| 111|0x000000008bd00000, 0x000000008bd00000, 0x000000008be00000|  0%| F|  |TAMS 0x000000008bd00000, 0x000000008bd00000| Untracked 
| 112|0x000000008be00000, 0x000000008be00000, 0x000000008bf00000|  0%| F|  |TAMS 0x000000008be00000, 0x000000008be00000| Untracked 
| 113|0x000000008bf00000, 0x000000008bf00000, 0x000000008c000000|  0%| F|  |TAMS 0x000000008bf00000, 0x000000008bf00000| Untracked 
| 114|0x000000008c000000, 0x000000008c000000, 0x000000008c100000|  0%| F|  |TAMS 0x000000008c000000, 0x000000008c000000| Untracked 
| 115|0x000000008c100000, 0x000000008c100000, 0x000000008c200000|  0%| F|  |TAMS 0x000000008c100000, 0x000000008c100000| Untracked 
| 116|0x000000008c200000, 0x000000008c200000, 0x000000008c300000|  0%| F|  |TAMS 0x000000008c200000, 0x000000008c200000| Untracked 
| 117|0x000000008c300000, 0x000000008c300000, 0x000000008c400000|  0%| F|  |TAMS 0x000000008c300000, 0x000000008c300000| Untracked 
| 118|0x000000008c400000, 0x000000008c49d740, 0x000000008c500000| 61%| S|CS|TAMS 0x000000008c400000, 0x000000008c400000| Complete 
| 119|0x000000008c500000, 0x000000008c600000, 0x000000008c600000|100%| S|CS|TAMS 0x000000008c500000, 0x000000008c500000| Complete 
| 120|0x000000008c600000, 0x000000008c600000, 0x000000008c700000|  0%| F|  |TAMS 0x000000008c600000, 0x000000008c600000| Untracked 
| 121|0x000000008c700000, 0x000000008c790de0, 0x000000008c800000| 56%| E|  |TAMS 0x000000008c700000, 0x000000008c700000| Complete 
| 122|0x000000008c800000, 0x000000008c900000, 0x000000008c900000|100%| E|CS|TAMS 0x000000008c800000, 0x000000008c800000| Complete 
| 123|0x000000008c900000, 0x000000008ca00000, 0x000000008ca00000|100%| E|CS|TAMS 0x000000008c900000, 0x000000008c900000| Complete 

Card table byte_map: [0x00000223d4c80000,0x00000223d5060000] _byte_map_base: 0x00000223d4859000

Marking Bits (Prev, Next): (CMBitMap*) 0x00000223bd6715c0, (CMBitMap*) 0x00000223bd671600
 Prev Bits: [0x00000223d5440000, 0x00000223d7308000)
 Next Bits: [0x00000223d7310000, 0x00000223d91d8000)

Polling page: 0x00000223bb5c0000

Metaspace:

Usage:
  Non-class:     16.82 MB used.
      Class:      2.71 MB used.
       Both:     19.53 MB used.

Virtual space:
  Non-class space:       64.00 MB reserved,      17.06 MB ( 27%) committed,  1 nodes.
      Class space:        1.00 GB reserved,       2.88 MB ( <1%) committed,  1 nodes.
             Both:        1.06 GB reserved,      19.94 MB (  2%) committed. 

Chunk freelists:
   Non-Class:  2.67 MB
       Class:  1.09 MB
        Both:  3.76 MB

MaxMetaspaceSize: unlimited
CompressedClassSpaceSize: 1.00 GB
Initial GC threshold: 21.00 MB
Current GC threshold: 21.00 MB
CDS: on
MetaspaceReclaimPolicy: balanced
 - commit_granule_bytes: 65536.
 - commit_granule_words: 8192.
 - virtual_space_node_default_size: 8388608.
 - enlarge_chunks_in_place: 1.
 - new_chunks_are_fully_committed: 0.
 - uncommit_free_chunks: 1.
 - use_allocation_guard: 0.


Internal statistics:

num_allocs_failed_limit: 0.
num_arena_births: 470.
num_arena_deaths: 0.
num_vsnodes_births: 2.
num_vsnodes_deaths: 0.
num_space_committed: 319.
num_space_uncommitted: 0.
num_chunks_returned_to_freelist: 0.
num_chunks_taken_from_freelist: 1146.
num_chunk_merges: 0.
num_chunk_splits: 793.
num_chunks_enlarged: 585.
num_inconsistent_stats: 0.

CodeHeap 'non-profiled nmethods': size=120000Kb used=2727Kb max_used=2727Kb free=117272Kb
 bounds [0x00000223cd040000, 0x00000223cd2f0000, 0x00000223d4570000]
CodeHeap 'profiled nmethods': size=120000Kb used=10446Kb max_used=10446Kb free=109553Kb
 bounds [0x00000223c5570000, 0x00000223c5fb0000, 0x00000223ccaa0000]
CodeHeap 'non-nmethods': size=5760Kb used=1617Kb max_used=1707Kb free=4143Kb
 bounds [0x00000223ccaa0000, 0x00000223ccd10000, 0x00000223cd040000]
 total_blobs=5519 nmethods=4694 adapters=735
 compilation: enabled
              stopped_count=0, restarted_count=0
 full_count=0

Compilation events (20 events):
Event: 11.329 Thread 0x00000223db80c280 nmethod 4662 0x00000223cd2df290 code [0x00000223cd2df420, 0x00000223cd2df4d8]
Event: 11.519 Thread 0x00000223db80c280 4668       4       jdk.internal.org.objectweb.asm.Frame::execute (2305 bytes)
Event: 11.519 Thread 0x00000223db81a6a0 4672       3       java.lang.invoke.MethodHandles::argumentsWithCombinerChecks (197 bytes)
Event: 11.521 Thread 0x00000223db81a6a0 nmethod 4672 0x00000223c5f9d110 code [0x00000223c5f9d540, 0x00000223c5f9eec8]
Event: 11.521 Thread 0x00000223db81a6a0 4675       3       jdk.internal.org.objectweb.asm.Frame::accept (264 bytes)
Event: 11.522 Thread 0x00000223db81a6a0 nmethod 4675 0x00000223c5f9fa10 code [0x00000223c5f9fc40, 0x00000223c5fa05b8]
Event: 11.522 Thread 0x00000223db81a6a0 4676       3       jdk.internal.org.objectweb.asm.MethodWriter::visitFrameStart (55 bytes)
Event: 11.522 Thread 0x00000223db81a6a0 nmethod 4676 0x00000223c5fa0a10 code [0x00000223c5fa0bc0, 0x00000223c5fa0ed8]
Event: 11.522 Thread 0x00000223db81a6a0 4677       3       jdk.internal.org.objectweb.asm.MethodWriter::visitFrameEnd (53 bytes)
Event: 11.522 Thread 0x00000223db81a6a0 nmethod 4677 0x00000223c5fa1010 code [0x00000223c5fa11e0, 0x00000223c5fa16c8]
Event: 11.522 Thread 0x00000223db81a6a0 4671       3       java.lang.invoke.MethodHandles::argumentsWithCombiner (130 bytes)
Event: 11.522 Thread 0x00000223db81a6a0 nmethod 4671 0x00000223c5fa1810 code [0x00000223c5fa1ac0, 0x00000223c5fa2998]
Event: 11.522 Thread 0x00000223db81a6a0 4673       3       java.util.ImmutableCollections$List12::<init> (20 bytes)
Event: 11.523 Thread 0x00000223db81a6a0 nmethod 4673 0x00000223c5fa3090 code [0x00000223c5fa3280, 0x00000223c5fa3748]
Event: 11.542 Thread 0x00000223db80c280 nmethod 4668 0x00000223cd2e0790 code [0x00000223cd2e1460, 0x00000223cd2e39e8]
Event: 11.542 Thread 0x00000223db80c280 4682       4       jdk.internal.org.objectweb.asm.ByteVector::put122 (93 bytes)
Event: 11.544 Thread 0x00000223db80c280 nmethod 4682 0x00000223cd2e5790 code [0x00000223cd2e5920, 0x00000223cd2e5b88]
Event: 11.544 Thread 0x00000223db80c280 4674       4       jdk.internal.org.objectweb.asm.Frame::push (109 bytes)
Event: 11.545 Thread 0x00000223db80c280 nmethod 4674 0x00000223cd2e5d10 code [0x00000223cd2e5ea0, 0x00000223cd2e6158]
Event: 55.590 Thread 0x00000223db81a6a0 4703       3       jdk.internal.org.objectweb.asm.ClassReader::readConst (276 bytes)

GC Heap History (8 events):
Event: 0.523 GC heap before
{Heap before GC invocations=0 (full 0):
 garbage-first heap   total 126976K, used 22528K [0x0000000084e00000, 0x0000000100000000)
  region size 1024K, 23 young (23552K), 0 survivors (0K)
 Metaspace       used 5170K, committed 5376K, reserved 1114112K
  class space    used 547K, committed 640K, reserved 1048576K
}
Event: 0.526 GC heap after
{Heap after GC invocations=1 (full 0):
 garbage-first heap   total 126976K, used 2645K [0x0000000084e00000, 0x0000000100000000)
  region size 1024K, 3 young (3072K), 3 survivors (3072K)
 Metaspace       used 5170K, committed 5376K, reserved 1114112K
  class space    used 547K, committed 640K, reserved 1048576K
}
Event: 1.084 GC heap before
{Heap before GC invocations=1 (full 0):
 garbage-first heap   total 126976K, used 37461K [0x0000000084e00000, 0x0000000100000000)
  region size 1024K, 37 young (37888K), 3 survivors (3072K)
 Metaspace       used 13547K, committed 13824K, reserved 1114112K
  class space    used 1881K, committed 1984K, reserved 1048576K
}
Event: 1.088 GC heap after
{Heap after GC invocations=2 (full 0):
 garbage-first heap   total 126976K, used 6712K [0x0000000084e00000, 0x0000000100000000)
  region size 1024K, 5 young (5120K), 5 survivors (5120K)
 Metaspace       used 13547K, committed 13824K, reserved 1114112K
  class space    used 1881K, committed 1984K, reserved 1048576K
}
Event: 9.766 GC heap before
{Heap before GC invocations=2 (full 0):
 garbage-first heap   total 126976K, used 79416K [0x0000000084e00000, 0x0000000100000000)
  region size 1024K, 74 young (75776K), 5 survivors (5120K)
 Metaspace       used 19701K, committed 20032K, reserved 1114112K
  class space    used 2729K, committed 2880K, reserved 1048576K
}
Event: 9.784 GC heap after
{Heap after GC invocations=3 (full 0):
 garbage-first heap   total 126976K, used 28787K [0x0000000084e00000, 0x0000000100000000)
  region size 1024K, 10 young (10240K), 10 survivors (10240K)
 Metaspace       used 19701K, committed 20032K, reserved 1114112K
  class space    used 2729K, committed 2880K, reserved 1048576K
}
Event: 11.309 GC heap before
{Heap before GC invocations=3 (full 0):
 garbage-first heap   total 126976K, used 32883K [0x0000000084e00000, 0x0000000100000000)
  region size 1024K, 14 young (14336K), 10 survivors (10240K)
 Metaspace       used 19829K, committed 20160K, reserved 1114112K
  class space    used 2744K, committed 2880K, reserved 1048576K
}
Event: 11.320 GC heap after
{Heap after GC invocations=4 (full 0):
 garbage-first heap   total 126976K, used 32057K [0x0000000084e00000, 0x0000000100000000)
  region size 1024K, 2 young (2048K), 2 survivors (2048K)
 Metaspace       used 19829K, committed 20160K, reserved 1114112K
  class space    used 2744K, committed 2880K, reserved 1048576K
}

Dll operation events (20 events):
Event: 0.325 Loaded shared library C:\Users\ASUS\.openjfx\cache\19+11\amd64\api-ms-win-crt-locale-l1-1-0.dll
Event: 0.327 Loaded shared library C:\Users\ASUS\.openjfx\cache\19+11\amd64\api-ms-win-crt-math-l1-1-0.dll
Event: 0.328 Loaded shared library C:\Users\ASUS\.openjfx\cache\19+11\amd64\api-ms-win-crt-multibyte-l1-1-0.dll
Event: 0.330 Loaded shared library C:\Users\ASUS\.openjfx\cache\19+11\amd64\api-ms-win-crt-private-l1-1-0.dll
Event: 0.332 Loaded shared library C:\Users\ASUS\.openjfx\cache\19+11\amd64\api-ms-win-crt-process-l1-1-0.dll
Event: 0.334 Loaded shared library C:\Users\ASUS\.openjfx\cache\19+11\amd64\api-ms-win-crt-runtime-l1-1-0.dll
Event: 0.335 Loaded shared library C:\Users\ASUS\.openjfx\cache\19+11\amd64\api-ms-win-crt-stdio-l1-1-0.dll
Event: 0.337 Loaded shared library C:\Users\ASUS\.openjfx\cache\19+11\amd64\api-ms-win-crt-string-l1-1-0.dll
Event: 0.338 Loaded shared library C:\Users\ASUS\.openjfx\cache\19+11\amd64\api-ms-win-crt-time-l1-1-0.dll
Event: 0.339 Loaded shared library C:\Users\ASUS\.openjfx\cache\19+11\amd64\api-ms-win-crt-utility-l1-1-0.dll
Event: 0.349 Loaded shared library C:\Users\ASUS\.openjfx\cache\19+11\amd64\ucrtbase.dll
Event: 0.352 Loaded shared library C:\Users\ASUS\.openjfx\cache\19+11\amd64\vcruntime140.dll
Event: 0.353 Loaded shared library C:\Users\ASUS\.openjfx\cache\19+11\amd64\vcruntime140_1.dll
Event: 0.359 Loaded shared library C:\Users\ASUS\.openjfx\cache\19+11\amd64\msvcp140.dll
Event: 0.360 Loaded shared library C:\Users\ASUS\.openjfx\cache\19+11\amd64\msvcp140_1.dll
Event: 0.363 Loaded shared library C:\Users\ASUS\.openjfx\cache\19+11\amd64\msvcp140_2.dll
Event: 0.395 Loaded shared library C:\Users\ASUS\.openjfx\cache\19+11\amd64\prism_d3d.dll
Event: 0.439 Loaded shared library C:\Users\ASUS\.openjfx\cache\19+11\amd64\glass.dll
Event: 0.537 Loaded shared library C:\k\bin\jimage.dll
Event: 0.662 Loaded shared library C:\Users\ASUS\.openjfx\cache\19+11\amd64\javafx_font.dll

Deoptimization events (20 events):
Event: 55.590 Thread 0x00000223e0d6f840 DEOPT PACKING pc=0x00000223c5c4222c sp=0x000000719a5fa810
Event: 55.590 Thread 0x00000223e0d6f840 DEOPT UNPACKING pc=0x00000223ccb0b0e3 sp=0x000000719a5f9c98 mode 1
Event: 55.590 Thread 0x00000223e0d6f840 DEOPT PACKING pc=0x00000223c5c4bef4 sp=0x000000719a5fa870
Event: 55.590 Thread 0x00000223e78984f0 DEOPT PACKING pc=0x00000223c5719ccc sp=0x0000007199dff490
Event: 55.590 Thread 0x00000223e0d6f840 DEOPT UNPACKING pc=0x00000223ccb0b0e3 sp=0x000000719a5f9d30 mode 1
Event: 55.590 Thread 0x00000223e0d6f840 DEOPT PACKING pc=0x00000223c5c4222c sp=0x000000719a5fa8e0
Event: 55.590 Thread 0x00000223e78984f0 DEOPT UNPACKING pc=0x00000223ccb0b0e3 sp=0x0000007199dfe8f0 mode 1
Event: 55.590 Thread 0x00000223e0d6f840 DEOPT UNPACKING pc=0x00000223ccb0b0e3 sp=0x000000719a5f9d68 mode 1
Event: 55.590 Thread 0x00000223e0d6f840 DEOPT PACKING pc=0x00000223c5c4bef4 sp=0x000000719a5fa940
Event: 55.590 Thread 0x00000223e0d6f840 DEOPT UNPACKING pc=0x00000223ccb0b0e3 sp=0x000000719a5f9e00 mode 1
Event: 55.590 Thread 0x00000223e0d6f840 DEOPT PACKING pc=0x00000223c5c4222c sp=0x000000719a5fa9b0
Event: 55.590 Thread 0x00000223e0d6f840 DEOPT UNPACKING pc=0x00000223ccb0b0e3 sp=0x000000719a5f9e38 mode 1
Event: 55.590 Thread 0x00000223e0d6f840 DEOPT PACKING pc=0x00000223c5d131ec sp=0x000000719a5faa10
Event: 55.590 Thread 0x00000223e0d6f840 DEOPT UNPACKING pc=0x00000223ccb0b0e3 sp=0x000000719a5f9f10 mode 1
Event: 55.590 Thread 0x00000223e0d6f840 DEOPT PACKING pc=0x00000223c5d11ddc sp=0x000000719a5fab40
Event: 55.590 Thread 0x00000223e0d6f840 DEOPT UNPACKING pc=0x00000223ccb0b0e3 sp=0x000000719a5fa008 mode 1
Event: 55.590 Thread 0x00000223e0d6f840 DEOPT PACKING pc=0x00000223c5d69bdc sp=0x000000719a5fae60
Event: 55.590 Thread 0x00000223e0d6f840 DEOPT UNPACKING pc=0x00000223ccb0b0e3 sp=0x000000719a5fa308 mode 1
Event: 55.590 Thread 0x00000223e0d6f840 DEOPT PACKING pc=0x00000223c5e8b2cc sp=0x000000719a5faeb0
Event: 55.590 Thread 0x00000223e0d6f840 DEOPT UNPACKING pc=0x00000223ccb0b0e3 sp=0x000000719a5fa348 mode 1

Classes loaded (20 events):
Event: 55.579 Loading class com/sun/javafx/tk/quantum/GlassScene
Event: 55.579 Loading class com/sun/javafx/tk/quantum/GlassScene done
Event: 55.581 Loading class com/sun/prism/GraphicsResource
Event: 55.581 Loading class com/sun/prism/GraphicsResource done
Event: 55.581 Loading class com/sun/prism/GraphicsResource
Event: 55.581 Loading class com/sun/prism/GraphicsResource done
Event: 55.582 Loading class com/sun/javafx/tk/quantum/ViewScene
Event: 55.582 Loading class com/sun/javafx/tk/quantum/ViewScene done
Event: 55.584 Loading class com/sun/javafx/tk/quantum/WindowStage
Event: 55.584 Loading class com/sun/javafx/tk/quantum/WindowStage done
Event: 55.588 Loading class jdk/internal/misc/Signal$1
Event: 55.588 Loading class jdk/internal/misc/Signal$1 done
Event: 55.589 Loading class java/lang/invoke/WrongMethodTypeException
Event: 55.589 Loading class java/lang/invoke/WrongMethodTypeException done
Event: 55.589 Loading class jdk/internal/reflect/AccessorUtils
Event: 55.589 Loading class com/sun/javafx/tk/quantum/QuantumRenderer
Event: 55.589 Loading class com/sun/javafx/tk/quantum/QuantumRenderer done
Event: 55.589 Loading class jdk/internal/reflect/AccessorUtils done
Event: 55.590 Loading class com/sun/javafx/tk/quantum/QuantumToolkit
Event: 55.590 Loading class com/sun/javafx/tk/quantum/QuantumToolkit done

Classes unloaded (0 events):
No events

Classes redefined (0 events):
No events

Internal exceptions (20 events):
Event: 1.039 Thread 0x00000223e0d6f840 Implicit null exception at 0x00000223cd0aa6ae to 0x00000223cd0aa9e8
Event: 1.049 Thread 0x00000223e0d6f840 Exception <a 'java/lang/NoSuchMethodError'{0x000000008a7ebee0}: 'java.lang.Object java.lang.invoke.DirectMethodHandle$Holder.invokeInterface(java.lang.Object, java.lang.Object, java.lang.Object)'> (0x000000008a7ebee0) 
thrown [s\open\src\hotspot\share\interpreter\linkResolver.cpp, line 774]
Event: 1.050 Thread 0x00000223e0d6f840 Exception <a 'java/lang/IncompatibleClassChangeError'{0x000000008a7ef870}: Found class java.lang.Object, but interface was expected> (0x000000008a7ef870) 
thrown [s\open\src\hotspot\share\interpreter\linkResolver.cpp, line 841]
Event: 1.166 Thread 0x00000223e0d6f840 Exception <a 'java/lang/NoSuchMethodError'{0x000000008c48d858}: 'int java.lang.invoke.DirectMethodHandle$Holder.invokeSpecial(java.lang.Object, java.lang.Object, int)'> (0x000000008c48d858) 
thrown [s\open\src\hotspot\share\interpreter\linkResolver.cpp, line 774]
Event: 1.259 Thread 0x00000223e0d6f840 Implicit null exception at 0x00000223cd111377 to 0x00000223cd111c24
Event: 1.568 Thread 0x00000223e0d6f840 Exception <a 'java/lang/NoSuchMethodError'{0x000000008a9e7ef8}: 'java.lang.Object java.lang.invoke.DirectMethodHandle$Holder.newInvokeSpecial(java.lang.Object, java.lang.Object, int)'> (0x000000008a9e7ef8) 
thrown [s\open\src\hotspot\share\interpreter\linkResolver.cpp, line 774]
Event: 1.712 Thread 0x00000223e0cc1840 Exception <a 'java/lang/NoSuchMethodError'{0x0000000089d76f60}: 'int java.lang.invoke.DirectMethodHandle$Holder.invokeStaticInit(java.lang.Object, java.lang.Object)'> (0x0000000089d76f60) 
thrown [s\open\src\hotspot\share\interpreter\linkResolver.cpp, line 774]
Event: 3.112 Thread 0x00000223e0d6f840 Exception <a 'java/lang/NoSuchMethodError'{0x00000000899c4620}: 'long java.lang.invoke.DirectMethodHandle$Holder.invokeStatic(java.lang.Object, java.lang.Object, java.lang.Object)'> (0x00000000899c4620) 
thrown [s\open\src\hotspot\share\interpreter\linkResolver.cpp, line 774]
Event: 3.112 Thread 0x00000223e0d6f840 Exception <a 'java/lang/NoSuchMethodError'{0x00000000899c7c98}: 'long java.lang.invoke.DirectMethodHandle$Holder.invokeStaticInit(java.lang.Object, java.lang.Object, java.lang.Object)'> (0x00000000899c7c98) 
thrown [s\open\src\hotspot\share\interpreter\linkResolver.cpp, line 774]
Event: 3.114 Thread 0x00000223e0d6f840 Exception <a 'java/lang/NoSuchMethodError'{0x00000000899e0138}: 'java.lang.Object java.lang.invoke.DirectMethodHandle$Holder.newInvokeSpecial(java.lang.Object, java.lang.Object, long)'> (0x00000000899e0138) 
thrown [s\open\src\hotspot\share\interpreter\linkResolver.cpp, line 774]
Event: 3.114 Thread 0x00000223e0d6f840 Exception <a 'java/lang/NoSuchMethodError'{0x00000000899e3cc0}: 'java.lang.Object java.lang.invoke.Invokers$Holder.linkToTargetMethod(java.lang.Object, long, java.lang.Object)'> (0x00000000899e3cc0) 
thrown [s\open\src\hotspot\share\interpreter\linkResolver.cpp, line 774]
Event: 5.843 Thread 0x00000223e0d6f840 Exception <a 'java/io/FileNotFoundException'{0x00000000896831b0}> (0x00000000896831b0) 
thrown [s\open\src\hotspot\share\prims\jni.cpp, line 517]
Event: 5.877 Thread 0x00000223e0d6f840 Implicit null exception at 0x00000223cd1593d4 to 0x00000223cd159444
Event: 5.878 Thread 0x00000223e0d6f840 Exception <a 'java/lang/NoSuchMethodError'{0x00000000894f1cf0}: 'void java.lang.invoke.DirectMethodHandle$Holder.invokeSpecial(java.lang.Object, java.lang.Object, java.lang.Object, java.lang.Object, java.lang.Object, java.lang.Object)'> (0x00000000894f1cf0) 
thrown [s\open\src\hotspot\share\interpreter\linkResolver.cpp, line 774]
Event: 5.901 Thread 0x00000223e0d6f840 Exception <a 'java/lang/NoSuchMethodError'{0x000000008925aac8}: 'int java.lang.invoke.DirectMethodHandle$Holder.invokeVirtual(java.lang.Object, java.lang.Object)'> (0x000000008925aac8) 
thrown [s\open\src\hotspot\share\interpreter\linkResolver.cpp, line 774]
Event: 7.526 Thread 0x00000223e0d6f840 Exception <a 'java/lang/NoSuchMethodError'{0x000000008875f168}: 'void java.lang.invoke.DirectMethodHandle$Holder.invokeVirtual(java.lang.Object, java.lang.Object, int)'> (0x000000008875f168) 
thrown [s\open\src\hotspot\share\interpreter\linkResolver.cpp, line 774]
Event: 9.720 Thread 0x00000223e0d6f840 Implicit null exception at 0x00000223cd26fed9 to 0x00000223cd271100
Event: 9.829 Thread 0x00000223e0cc1840 Exception <a 'java/lang/NoSuchMethodError'{0x000000008c610370}: 'java.lang.Object java.lang.invoke.DirectMethodHandle$Holder.invokeStaticInit(java.lang.Object, int)'> (0x000000008c610370) 
thrown [s\open\src\hotspot\share\interpreter\linkResolver.cpp, line 774]
Event: 18.214 Thread 0x00000223e0d6f840 Exception <a 'java/lang/NoSuchMethodError'{0x000000008c872790}: 'java.lang.Object java.lang.invoke.DirectMethodHandle$Holder.invokeSpecial(java.lang.Object, java.lang.Object, double, double)'> (0x000000008c872790) 
thrown [s\open\src\hotspot\share\interpreter\linkResolver.cpp, line 774]
Event: 55.589 Thread 0x00000223e0d6f840 Exception <a 'java/lang/NullPointerException'{0x000000008c8d6818}> (0x000000008c8d6818) 
thrown [s\open\src\hotspot\share\interpreter\linkResolver.cpp, line 1374]

VM Operations (20 events):
Event: 36.589 Executing VM operation: get/set locals done
Event: 36.589 Executing VM operation: get/set locals
Event: 36.589 Executing VM operation: get/set locals done
Event: 36.589 Executing VM operation: get/set locals
Event: 36.589 Executing VM operation: get/set locals done
Event: 36.590 Executing VM operation: get/set locals
Event: 36.590 Executing VM operation: get/set locals done
Event: 36.590 Executing VM operation: get/set locals
Event: 36.591 Executing VM operation: get/set locals done
Event: 55.559 Executing VM operation: ChangeBreakpoints
Event: 55.559 Executing VM operation: ChangeBreakpoints done
Event: 55.559 Executing VM operation: ChangeBreakpoints
Event: 55.559 Executing VM operation: ChangeBreakpoints done
Event: 55.560 Executing VM operation: ChangeBreakpoints
Event: 55.560 Executing VM operation: ChangeBreakpoints done
Event: 55.560 Executing VM operation: ChangeBreakpoints
Event: 55.560 Executing VM operation: ChangeBreakpoints done
Event: 55.560 Executing VM operation: ChangeBreakpoints
Event: 55.560 Executing VM operation: ChangeBreakpoints done
Event: 55.590 Executing VM operation: Exit

Events (20 events):
Event: 6.333 Thread 0x00000223bb4a1990 Thread exited: 0x00000223bb4a1990
Event: 6.478 Thread 0x00000223bb49f830 Thread exited: 0x00000223bb49f830
Event: 7.538 Thread 0x00000223bb49f830 Thread added: 0x00000223bb49f830
Event: 7.542 Thread 0x00000223e17f2800 Thread added: 0x00000223e17f2800
Event: 7.675 Thread 0x00000223e17f2800 Thread exited: 0x00000223e17f2800
Event: 7.675 Thread 0x00000223bb49f830 Thread exited: 0x00000223bb49f830
Event: 8.767 Thread 0x00000223bb49f830 Thread added: 0x00000223bb49f830
Event: 8.908 Thread 0x00000223bb49f830 Thread exited: 0x00000223bb49f830
Event: 9.735 Thread 0x00000223bb49f830 Thread added: 0x00000223bb49f830
Event: 9.738 Thread 0x00000223eac1e420 Thread added: 0x00000223eac1e420
Event: 10.091 Thread 0x00000223eac1e420 Thread exited: 0x00000223eac1e420
Event: 10.460 Thread 0x00000223bb49f830 Thread exited: 0x00000223bb49f830
Event: 55.559 Thread 0x00000223e029d710 Thread exited: 0x00000223e029d710
Event: 55.562 Thread 0x00000223e0857590 Thread exited: 0x00000223e0857590
Event: 55.589 Thread 0x00000223e7897fa0 Thread added: 0x00000223e7897fa0
Event: 55.589 Thread 0x00000223e78984f0 Thread added: 0x00000223e78984f0
Event: 55.589 Thread 0x00000223e7898a40 Thread added: 0x00000223e7898a40
Event: 55.590 Thread 0x00000223e7898a40 Thread exited: 0x00000223e7898a40
Event: 55.590 Thread 0x00000223e78984f0 Thread exited: 0x00000223e78984f0
Event: 55.590 Thread 0x00000223db801800 Thread exited: 0x00000223db801800


Dynamic libraries:
0x00007ff6aac00000 - 0x00007ff6aac10000 	C:\k\bin\java.exe
0x00007ff989d30000 - 0x00007ff989f44000 	C:\WINDOWS\SYSTEM32\ntdll.dll
0x00007ff989830000 - 0x00007ff9898f3000 	C:\WINDOWS\System32\KERNEL32.DLL
0x00007ff9875b0000 - 0x00007ff98794c000 	C:\WINDOWS\System32\KERNELBASE.dll
0x00007ff987460000 - 0x00007ff987571000 	C:\WINDOWS\System32\ucrtbase.dll
0x00007ff9705b0000 - 0x00007ff9705cb000 	C:\k\bin\VCRUNTIME140.dll
0x00007ff9705d0000 - 0x00007ff9705e8000 	C:\k\bin\jli.dll
0x00007ff988c00000 - 0x00007ff988cae000 	C:\WINDOWS\System32\ADVAPI32.dll
0x00007ff988840000 - 0x00007ff9888e7000 	C:\WINDOWS\System32\msvcrt.dll
0x00007ff9888f0000 - 0x00007ff988994000 	C:\WINDOWS\System32\sechost.dll
0x00007ff989a20000 - 0x00007ff989b35000 	C:\WINDOWS\System32\RPCRT4.dll
0x00007ff9889a0000 - 0x00007ff988b4d000 	C:\WINDOWS\System32\USER32.dll
0x00007ff96c3c0000 - 0x00007ff96c64e000 	C:\WINDOWS\WinSxS\amd64_microsoft.windows.common-controls_6595b64144ccf1df_6.0.22621.608_none_a9444ca7c10bb01d\COMCTL32.dll
0x00007ff987580000 - 0x00007ff9875a6000 	C:\WINDOWS\System32\win32u.dll
0x00007ff988bd0000 - 0x00007ff988bf9000 	C:\WINDOWS\System32\GDI32.dll
0x00007ff9872d0000 - 0x00007ff9873e3000 	C:\WINDOWS\System32\gdi32full.dll
0x00007ff987170000 - 0x00007ff98720a000 	C:\WINDOWS\System32\msvcp_win.dll
0x00007ff97bbc0000 - 0x00007ff97bbca000 	C:\WINDOWS\SYSTEM32\VERSION.dll
0x00007ff988670000 - 0x00007ff9886a1000 	C:\WINDOWS\System32\IMM32.DLL
0x00007ff97c9a0000 - 0x00007ff97c9ac000 	C:\k\bin\vcruntime140_1.dll
0x00007ff96b720000 - 0x00007ff96b7ae000 	C:\k\bin\msvcp140.dll
0x00007ff93dff0000 - 0x00007ff93ecb0000 	C:\k\bin\server\jvm.dll
0x00007ff97d250000 - 0x00007ff97d284000 	C:\WINDOWS\SYSTEM32\WINMM.dll
0x00007ff970530000 - 0x00007ff970539000 	C:\WINDOWS\SYSTEM32\WSOCK32.dll
0x00007ff987b40000 - 0x00007ff987bb1000 	C:\WINDOWS\System32\WS2_32.dll
0x00007ff986260000 - 0x00007ff986278000 	C:\WINDOWS\SYSTEM32\kernel.appcore.dll
0x00007ff97c840000 - 0x00007ff97c84a000 	C:\k\bin\jimage.dll
0x00007ff984b60000 - 0x00007ff984d8e000 	C:\WINDOWS\SYSTEM32\DBGHELP.DLL
0x00007ff987e40000 - 0x00007ff9881c9000 	C:\WINDOWS\System32\combase.dll
0x00007ff987bc0000 - 0x00007ff987c97000 	C:\WINDOWS\System32\OLEAUT32.dll
0x00007ff9643d0000 - 0x00007ff964402000 	C:\WINDOWS\SYSTEM32\dbgcore.DLL
0x00007ff987950000 - 0x00007ff9879cb000 	C:\WINDOWS\System32\bcryptPrimitives.dll
0x00007ff963590000 - 0x00007ff9635cc000 	C:\k\bin\jdwp.dll
0x00007ff97f830000 - 0x00007ff97f83e000 	C:\k\bin\instrument.dll
0x00007ff970560000 - 0x00007ff970586000 	C:\k\bin\java.dll
0x00007ff96d770000 - 0x00007ff96d788000 	C:\k\bin\zip.dll
0x00007ff96b640000 - 0x00007ff96b717000 	C:\k\bin\jsvml.dll
0x00007ff988db0000 - 0x00007ff9895a0000 	C:\WINDOWS\System32\SHELL32.dll
0x00007ff985190000 - 0x00007ff985a5e000 	C:\WINDOWS\SYSTEM32\windows.storage.dll
0x00007ff985050000 - 0x00007ff98518e000 	C:\WINDOWS\SYSTEM32\wintypes.dll
0x00007ff9886b0000 - 0x00007ff9887a1000 	C:\WINDOWS\System32\SHCORE.dll
0x00007ff988b50000 - 0x00007ff988bae000 	C:\WINDOWS\System32\shlwapi.dll
0x00007ff9870a0000 - 0x00007ff9870c1000 	C:\WINDOWS\SYSTEM32\profapi.dll
0x00007ff970540000 - 0x00007ff970553000 	C:\k\bin\net.dll
0x00007ff97e320000 - 0x00007ff97e44f000 	C:\WINDOWS\SYSTEM32\WINHTTP.dll
0x00007ff986720000 - 0x00007ff986789000 	C:\WINDOWS\system32\mswsock.dll
0x00007ff96da10000 - 0x00007ff96da26000 	C:\k\bin\nio.dll
0x00007ff97f710000 - 0x00007ff97f71c000 	C:\k\bin\dt_socket.dll
0x00007ff985d20000 - 0x00007ff985d4d000 	C:\WINDOWS\SYSTEM32\IPHLPAPI.DLL
0x00000223bb600000 - 0x00000223bb603000 	C:\Users\ASUS\.openjfx\cache\19+11\amd64\api-ms-win-core-console-l1-1-0.dll
0x00000223bb610000 - 0x00000223bb613000 	C:\Users\ASUS\.openjfx\cache\19+11\amd64\api-ms-win-core-console-l1-2-0.dll
0x00000223bd580000 - 0x00000223bd583000 	C:\Users\ASUS\.openjfx\cache\19+11\amd64\api-ms-win-core-datetime-l1-1-0.dll
0x00000223bd590000 - 0x00000223bd593000 	C:\Users\ASUS\.openjfx\cache\19+11\amd64\api-ms-win-core-debug-l1-1-0.dll
0x00000223bd5a0000 - 0x00000223bd5a3000 	C:\Users\ASUS\.openjfx\cache\19+11\amd64\api-ms-win-core-errorhandling-l1-1-0.dll
0x00000223bd5b0000 - 0x00000223bd5b4000 	C:\Users\ASUS\.openjfx\cache\19+11\amd64\api-ms-win-core-file-l1-1-0.dll
0x00000223bd5c0000 - 0x00000223bd5c3000 	C:\Users\ASUS\.openjfx\cache\19+11\amd64\api-ms-win-core-file-l1-2-0.dll
0x00000223dbd60000 - 0x00000223dbd63000 	C:\Users\ASUS\.openjfx\cache\19+11\amd64\api-ms-win-core-file-l2-1-0.dll
0x00000223dbd70000 - 0x00000223dbd73000 	C:\Users\ASUS\.openjfx\cache\19+11\amd64\api-ms-win-core-handle-l1-1-0.dll
0x00000223dbd80000 - 0x00000223dbd83000 	C:\Users\ASUS\.openjfx\cache\19+11\amd64\api-ms-win-core-heap-l1-1-0.dll
0x00000223dbd90000 - 0x00000223dbd93000 	C:\Users\ASUS\.openjfx\cache\19+11\amd64\api-ms-win-core-interlocked-l1-1-0.dll
0x00000223dbda0000 - 0x00000223dbda3000 	C:\Users\ASUS\.openjfx\cache\19+11\amd64\api-ms-win-core-libraryloader-l1-1-0.dll
0x00000223dbdb0000 - 0x00000223dbdb3000 	C:\Users\ASUS\.openjfx\cache\19+11\amd64\api-ms-win-core-localization-l1-2-0.dll
0x00000223dbdc0000 - 0x00000223dbdc3000 	C:\Users\ASUS\.openjfx\cache\19+11\amd64\api-ms-win-core-memory-l1-1-0.dll
0x00000223dbdd0000 - 0x00000223dbdd3000 	C:\Users\ASUS\.openjfx\cache\19+11\amd64\api-ms-win-core-namedpipe-l1-1-0.dll
0x00000223dbde0000 - 0x00000223dbde3000 	C:\Users\ASUS\.openjfx\cache\19+11\amd64\api-ms-win-core-processenvironment-l1-1-0.dll
0x00000223dbdf0000 - 0x00000223dbdf3000 	C:\Users\ASUS\.openjfx\cache\19+11\amd64\api-ms-win-core-processthreads-l1-1-0.dll
0x00000223dbe00000 - 0x00000223dbe03000 	C:\Users\ASUS\.openjfx\cache\19+11\amd64\api-ms-win-core-processthreads-l1-1-1.dll
0x00000223dbe10000 - 0x00000223dbe13000 	C:\Users\ASUS\.openjfx\cache\19+11\amd64\api-ms-win-core-profile-l1-1-0.dll
0x00000223dbe20000 - 0x00000223dbe23000 	C:\Users\ASUS\.openjfx\cache\19+11\amd64\api-ms-win-core-rtlsupport-l1-1-0.dll
0x00000223dbe30000 - 0x00000223dbe33000 	C:\Users\ASUS\.openjfx\cache\19+11\amd64\api-ms-win-core-string-l1-1-0.dll
0x00000223dbe40000 - 0x00000223dbe43000 	C:\Users\ASUS\.openjfx\cache\19+11\amd64\api-ms-win-core-synch-l1-1-0.dll
0x00000223dbe50000 - 0x00000223dbe53000 	C:\Users\ASUS\.openjfx\cache\19+11\amd64\api-ms-win-core-synch-l1-2-0.dll
0x00000223dbe60000 - 0x00000223dbe63000 	C:\Users\ASUS\.openjfx\cache\19+11\amd64\api-ms-win-core-sysinfo-l1-1-0.dll
0x00000223dbe70000 - 0x00000223dbe73000 	C:\Users\ASUS\.openjfx\cache\19+11\amd64\api-ms-win-core-timezone-l1-1-0.dll
0x00000223dbe80000 - 0x00000223dbe83000 	C:\Users\ASUS\.openjfx\cache\19+11\amd64\api-ms-win-core-util-l1-1-0.dll
0x00000223dbe90000 - 0x00000223dbe93000 	C:\Users\ASUS\.openjfx\cache\19+11\amd64\api-ms-win-crt-conio-l1-1-0.dll
0x00000223dbea0000 - 0x00000223dbea4000 	C:\Users\ASUS\.openjfx\cache\19+11\amd64\api-ms-win-crt-convert-l1-1-0.dll
0x00000223dbeb0000 - 0x00000223dbeb3000 	C:\Users\ASUS\.openjfx\cache\19+11\amd64\api-ms-win-crt-environment-l1-1-0.dll
0x00000223dbec0000 - 0x00000223dbec3000 	C:\Users\ASUS\.openjfx\cache\19+11\amd64\api-ms-win-crt-filesystem-l1-1-0.dll
0x00000223dbed0000 - 0x00000223dbed3000 	C:\Users\ASUS\.openjfx\cache\19+11\amd64\api-ms-win-crt-heap-l1-1-0.dll
0x00000223dbee0000 - 0x00000223dbee3000 	C:\Users\ASUS\.openjfx\cache\19+11\amd64\api-ms-win-crt-locale-l1-1-0.dll
0x00000223dbef0000 - 0x00000223dbef5000 	C:\Users\ASUS\.openjfx\cache\19+11\amd64\api-ms-win-crt-math-l1-1-0.dll
0x00000223dbf00000 - 0x00000223dbf05000 	C:\Users\ASUS\.openjfx\cache\19+11\amd64\api-ms-win-crt-multibyte-l1-1-0.dll
0x00000223dbf10000 - 0x00000223dbf20000 	C:\Users\ASUS\.openjfx\cache\19+11\amd64\api-ms-win-crt-private-l1-1-0.dll
0x00000223dbf20000 - 0x00000223dbf23000 	C:\Users\ASUS\.openjfx\cache\19+11\amd64\api-ms-win-crt-process-l1-1-0.dll
0x00000223dbf30000 - 0x00000223dbf34000 	C:\Users\ASUS\.openjfx\cache\19+11\amd64\api-ms-win-crt-runtime-l1-1-0.dll
0x00000223dbf40000 - 0x00000223dbf44000 	C:\Users\ASUS\.openjfx\cache\19+11\amd64\api-ms-win-crt-stdio-l1-1-0.dll
0x00000223dbf50000 - 0x00000223dbf54000 	C:\Users\ASUS\.openjfx\cache\19+11\amd64\api-ms-win-crt-string-l1-1-0.dll
0x00000223dbf60000 - 0x00000223dbf63000 	C:\Users\ASUS\.openjfx\cache\19+11\amd64\api-ms-win-crt-time-l1-1-0.dll
0x00000223dbf70000 - 0x00000223dbf73000 	C:\Users\ASUS\.openjfx\cache\19+11\amd64\api-ms-win-crt-utility-l1-1-0.dll
0x00007ff943ac0000 - 0x00007ff943bbc000 	C:\Users\ASUS\.openjfx\cache\19+11\amd64\ucrtbase.dll
0x00007ff976530000 - 0x00007ff97654b000 	C:\Users\ASUS\.openjfx\cache\19+11\amd64\vcruntime140.dll
0x00007ff97f700000 - 0x00007ff97f70c000 	C:\Users\ASUS\.openjfx\cache\19+11\amd64\vcruntime140_1.dll
0x00007ff943a30000 - 0x00007ff943abe000 	C:\Users\ASUS\.openjfx\cache\19+11\amd64\msvcp140.dll
0x00007ff97dc30000 - 0x00007ff97dc39000 	C:\Users\ASUS\.openjfx\cache\19+11\amd64\msvcp140_1.dll
0x00007ff963550000 - 0x00007ff963580000 	C:\Users\ASUS\.openjfx\cache\19+11\amd64\msvcp140_2.dll
0x00007ff955c20000 - 0x00007ff955c4c000 	C:\Users\ASUS\.openjfx\cache\19+11\amd64\prism_d3d.dll
0x00007ff973b30000 - 0x00007ff973cd9000 	C:\WINDOWS\system32\d3d9.dll
0x00007ff981bf0000 - 0x00007ff981c1b000 	C:\WINDOWS\SYSTEM32\dwmapi.dll
0x00007ff9843d0000 - 0x00007ff984406000 	C:\WINDOWS\SYSTEM32\dxcore.dll
0x00007ff981760000 - 0x00007ff98180b000 	C:\WINDOWS\system32\uxtheme.dll
0x00007ff942960000 - 0x00007ff942ac5000 	C:\Windows\System32\DriverStore\FileRepository\iigd_dch.inf_amd64_4f49892c99b2ed8d\igdumdim64.dll
0x00007ff987ca0000 - 0x00007ff987e3c000 	C:\WINDOWS\System32\ole32.dll
0x00007ff8ebc70000 - 0x00007ff8f05b1000 	C:\Windows\System32\DriverStore\FileRepository\iigd_dch.inf_amd64_4f49892c99b2ed8d\igd9dxva64.dll
0x00007ff9881d0000 - 0x00007ff988644000 	C:\WINDOWS\System32\SETUPAPI.dll
0x00007ff986e60000 - 0x00007ff986eae000 	C:\WINDOWS\SYSTEM32\cfgmgr32.dll
0x00007ff979360000 - 0x00007ff979628000 	C:\Windows\System32\DriverStore\FileRepository\iigd_dch.inf_amd64_4f49892c99b2ed8d\igdgmm64.dll
0x00007ff97d540000 - 0x00007ff97d589000 	C:\WINDOWS\SYSTEM32\directxdatabasehelper.dll
0x00007ff945540000 - 0x00007ff945582000 	C:\Users\ASUS\.openjfx\cache\19+11\amd64\glass.dll
0x00007ff988cb0000 - 0x00007ff988da7000 	C:\WINDOWS\System32\COMDLG32.dll
0x00007ff989900000 - 0x00007ff989a1e000 	C:\WINDOWS\System32\MSCTF.dll
0x00007ff97c890000 - 0x00007ff97c8b7000 	C:\Windows\System32\DriverStore\FileRepository\iigd_dch.inf_amd64_4f49892c99b2ed8d\igdinfo64.dll
0x00007ff976790000 - 0x00007ff979357000 	C:\Windows\System32\DriverStore\FileRepository\iigd_dch.inf_amd64_4f49892c99b2ed8d\igc64.dll
0x00007ff96b8d0000 - 0x00007ff96b8e4000 	C:\Users\ASUS\.openjfx\cache\19+11\amd64\javafx_font.dll
0x00007ff980240000 - 0x00007ff9804a7000 	C:\WINDOWS\SYSTEM32\dwrite.dll
0x00007ff9895a0000 - 0x00007ff989650000 	C:\WINDOWS\System32\clbcatq.dll
0x00007ff980090000 - 0x00007ff980240000 	C:\WINDOWS\SYSTEM32\WindowsCodecs.dll
0x00007ff94ecd0000 - 0x00007ff94ed2e000 	C:\WINDOWS\system32\dataexchange.dll
0x00007ff97b7a0000 - 0x00007ff97ba0a000 	C:\WINDOWS\system32\twinapi.appcore.dll
0x00007ff965160000 - 0x00007ff965192000 	C:\Program Files\Common Files\Microsoft Shared\Ink\rtscom.dll
0x00007ff970950000 - 0x00007ff970a7e000 	C:\WINDOWS\SYSTEM32\textinputframework.dll
0x00007ff981340000 - 0x00007ff981473000 	C:\WINDOWS\SYSTEM32\CoreMessaging.dll
0x00007ff97ca10000 - 0x00007ff97cd7c000 	C:\WINDOWS\SYSTEM32\CoreUIComponents.dll
0x00007ff9869a0000 - 0x00007ff9869ac000 	C:\WINDOWS\SYSTEM32\CRYPTBASE.DLL
0x00007ff980710000 - 0x00007ff980cd1000 	C:\WINDOWS\SYSTEM32\d2d1.dll
0x00007ff9804b0000 - 0x00007ff980707000 	C:\WINDOWS\SYSTEM32\d3d11.dll
0x00007ff981ae0000 - 0x00007ff981bd7000 	C:\WINDOWS\SYSTEM32\dxgi.dll
0x00007ff97bdc0000 - 0x00007ff97c4d1000 	C:\WINDOWS\SYSTEM32\D3D10Warp.dll

dbghelp: loaded successfully - version: 4.0.5 - missing functions: none
symbol engine: initialized successfully - sym options: 0x614 - pdb path: .;C:\k\bin;C:\WINDOWS\SYSTEM32;C:\WINDOWS\WinSxS\amd64_microsoft.windows.common-controls_6595b64144ccf1df_6.0.22621.608_none_a9444ca7c10bb01d;C:\k\bin\server;C:\Users\ASUS\.openjfx\cache\19+11\amd64;C:\Windows\System32\DriverStore\FileRepository\iigd_dch.inf_amd64_4f49892c99b2ed8d;C:\Program Files\Common Files\Microsoft Shared\Ink

VM Arguments:
jvm_args: -agentlib:jdwp=transport=dt_socket,address=127.0.0.1:52590,suspend=y,server=n -javaagent:C:\Users\ASUS\AppData\Local\JetBrains\IdeaIC2022.3\captureAgent\debugger-agent.jar -Dfile.encoding=UTF-8 -Dsun.stdout.encoding=UTF-8 -Dsun.stderr.encoding=UTF-8 --module-path=C:\Users\ASUS\.m2\repository\org\openjfx\javafx-fxml\19\javafx-fxml-19-win.jar;C:\cw2_4\cw2_4_5\target\classes;C:\Users\ASUS\.m2\repository\org\openjfx\javafx-controls\19\javafx-controls-19-win.jar;C:\Users\ASUS\.m2\repository\org\openjfx\javafx-graphics\19\javafx-graphics-19-win.jar;C:\Users\ASUS\.m2\repository\org\openjfx\javafx-base\19\javafx-base-19-win.jar -Djdk.module.main=com.example.cw2_4_5 
java_command: com.example.cw2_4_5/com.example.cw2_4_5.mainApplication
java_class_path (initial): C:\Users\ASUS\.m2\repository\org\openjfx\javafx-controls\19\javafx-controls-19.jar;C:\Users\ASUS\.m2\repository\org\openjfx\javafx-graphics\19\javafx-graphics-19.jar;C:\Users\ASUS\.m2\repository\org\openjfx\javafx-base\19\javafx-base-19.jar;C:\Users\ASUS\.m2\repository\org\openjfx\javafx-fxml\19\javafx-fxml-19.jar;C:\Program Files\JetBrains\IntelliJ IDEA Community Edition 2022.3.2\lib\idea_rt.jar
Launcher Type: SUN_STANDARD

[Global flags]
     intx CICompilerCount                          = 4                                         {product} {ergonomic}
     uint ConcGCThreads                            = 2                                         {product} {ergonomic}
     uint G1ConcRefinementThreads                  = 8                                         {product} {ergonomic}
   size_t G1HeapRegionSize                         = 1048576                                   {product} {ergonomic}
    uintx GCDrainStackTargetSize                   = 64                                        {product} {ergonomic}
   size_t InitialHeapSize                          = 130023424                                 {product} {ergonomic}
   size_t MarkStackSize                            = 4194304                                   {product} {ergonomic}
   size_t MaxHeapSize                              = 2065694720                                {product} {ergonomic}
   size_t MaxNewSize                               = 1239416832                                {product} {ergonomic}
   size_t MinHeapDeltaBytes                        = 1048576                                   {product} {ergonomic}
   size_t MinHeapSize                              = 8388608                                   {product} {ergonomic}
    uintx NonNMethodCodeHeapSize                   = 5839372                                {pd product} {ergonomic}
    uintx NonProfiledCodeHeapSize                  = 122909434                              {pd product} {ergonomic}
    uintx ProfiledCodeHeapSize                     = 122909434                              {pd product} {ergonomic}
    uintx ReservedCodeCacheSize                    = 251658240                              {pd product} {ergonomic}
     bool SegmentedCodeCache                       = true                                      {product} {ergonomic}
   size_t SoftMaxHeapSize                          = 2065694720                             {manageable} {ergonomic}
     bool UseCompressedClassPointers               = true                           {product lp64_product} {ergonomic}
     bool UseCompressedOops                        = true                           {product lp64_product} {ergonomic}
     bool UseG1GC                                  = true                                      {product} {ergonomic}
     bool UseLargePagesIndividualAllocation        = false                                  {pd product} {ergonomic}

Logging:
Log output configuration:
 #0: stdout all=off uptime,level,tags foldmultilines=false
 #1: stderr all=off uptime,level,tags foldmultilines=false

Environment Variables:
PATH=C:\Program Files\Common Files\Oracle\Java\javapath;C:\Windows\system32;C:\Windows;C:\Windows\System32\Wbem;C:\Windows\System32\WindowsPowerShell\v1.0\;C:\Windows\System32\OpenSSH\;C:\Program Files (x86)\NVIDIA Corporation\PhysX\Common;C:\Program Files\NVIDIA Corporation\NVIDIA NvDLISR;C:\WINDOWS\system32;C:\WINDOWS;C:\WINDOWS\System32\Wbem;C:\WINDOWS\System32\WindowsPowerShell\v1.0\;C:\WINDOWS\System32\OpenSSH\;C:\Users\ASUS\AppData\Local\Programs\Python\Python310\Scripts\;C:\Users\ASUS\AppData\Local\Programs\Python\Python310\;C:\Users\ASUS\AppData\Local\Microsoft\WindowsApps;C:\Users\ASUS\AppData\Local\Programs\Microsoft VS Code\bin;C:\Users\ASUS\AppData\Local\Programs\MiKTeX\miktex\bin\x64\;
USERNAME=ASUS
OS=Windows_NT
PROCESSOR_IDENTIFIER=Intel64 Family 6 Model 140 Stepping 1, GenuineIntel
TMP=C:\Users\ASUS\AppData\Local\Temp
TEMP=C:\Users\ASUS\AppData\Local\Temp



---------------  S Y S T E M  ---------------

OS:
 Windows 11 , 64 bit Build 22621 (10.0.22621.1344)
OS uptime: 2 days 4:26 hours

CPU: total 8 (initial active 8) (4 cores per cpu, 2 threads per core) family 6 model 140 stepping 1 microcode 0x86, cx8, cmov, fxsr, ht, mmx, 3dnowpref, sse, sse2, sse3, ssse3, sse4.1, sse4.2, popcnt, lzcnt, tsc, tscinvbit, avx, avx2, aes, erms, clmul, bmi1, bmi2, adx, avx512f, avx512dq, avx512cd, avx512bw, avx512vl, sha, fma, vzeroupper, avx512_vpopcntdq, avx512_vpclmulqdq, avx512_vaes, avx512_vnni, clflush, clflushopt, clwb, avx512_vbmi2, avx512_vbmi, rdtscp, rdpid, fsrm, gfni, avx512_bitalg

Memory: 4k page, system-wide physical 7873M (1219M free)
TotalPageFile size 17112M (AvailPageFile size 2491M)
current process WorkingSet (physical memory assigned to process): 291M, peak: 344M
current process commit charge ("private bytes"): 342M, peak: 404M

vm_info: Java HotSpot(TM) 64-Bit Server VM (19.0.1+10-21) for windows-amd64 JRE (19.0.1+10-21), built on 2022-09-14T12:45:06Z by "mach5one" with MS VC++ 17.1 (VS2022)

END.
